2018-10-10 19:27:10,622 INFO o.a.j.u.JMeterUtils: Setting Locale to en_US
2018-10-10 19:27:10,641 INFO o.a.j.JMeter: Loading user properties from: user.properties
2018-10-10 19:27:10,641 INFO o.a.j.JMeter: Loading system properties from: system.properties
2018-10-10 19:27:10,646 INFO o.a.j.JMeter: Copyright (c) 1998-2018 The Apache Software Foundation
2018-10-10 19:27:10,646 INFO o.a.j.JMeter: Version 4.0 r1823414
2018-10-10 19:27:10,646 INFO o.a.j.JMeter: java.version=1.8.0_181
2018-10-10 19:27:10,646 INFO o.a.j.JMeter: java.vm.name=Java HotSpot(TM) 64-Bit Server VM
2018-10-10 19:27:10,646 INFO o.a.j.JMeter: os.name=Mac OS X
2018-10-10 19:27:10,646 INFO o.a.j.JMeter: os.arch=x86_64
2018-10-10 19:27:10,646 INFO o.a.j.JMeter: os.version=10.13.6
2018-10-10 19:27:10,646 INFO o.a.j.JMeter: file.encoding=UTF-8
2018-10-10 19:27:10,646 INFO o.a.j.JMeter: Max memory     =514850816
2018-10-10 19:27:10,647 INFO o.a.j.JMeter: Available Processors =4
2018-10-10 19:27:10,650 INFO o.a.j.JMeter: Default Locale=English (United States)
2018-10-10 19:27:10,650 INFO o.a.j.JMeter: JMeter  Locale=English (United States)
2018-10-10 19:27:10,650 INFO o.a.j.JMeter: JMeterHome=/Users/mdtaque/SELENIUM/API_Testing_By_JMeter/target/jmeter
2018-10-10 19:27:10,650 INFO o.a.j.JMeter: user.dir  =/Users/mdtaque/SELENIUM/API_Testing_By_JMeter/target/jmeter/bin
2018-10-10 19:27:10,650 INFO o.a.j.JMeter: PWD       =/Users/mdtaque/SELENIUM/API_Testing_By_JMeter/target/jmeter/bin
2018-10-10 19:27:10,652 INFO o.a.j.JMeter: IP: 10.11.11.179 Name: Mds-MacBook-Pro-3.local FullName: 10.11.11.179
2018-10-10 19:27:10,653 INFO o.a.j.JMeter: Setting property 'jmeter.reportgenerator.outputdir' to:'/Users/mdtaque/SELENIUM/API_Testing_By_JMeter/target/jmeter/reports/taqueApi_20181010_192709'
2018-10-10 19:27:10,655 INFO o.a.j.s.FileServer: Default base='/Users/mdtaque/SELENIUM/API_Testing_By_JMeter/target/jmeter/bin'
2018-10-10 19:27:10,658 INFO o.a.j.s.FileServer: Set new base='/Users/mdtaque/SELENIUM/API_Testing_By_JMeter/target/jmeter/testFiles'
2018-10-10 19:27:10,768 INFO o.a.j.s.SaveService: Testplan (JMX) version: 2.2. Testlog (JTL) version: 2.2
2018-10-10 19:27:10,783 INFO o.a.j.s.SaveService: Using SaveService properties file encoding UTF-8
2018-10-10 19:27:10,787 INFO o.a.j.s.SaveService: Using SaveService properties version 4.0
2018-10-10 19:27:10,792 INFO o.a.j.s.SaveService: Loading file: /Users/mdtaque/SELENIUM/API_Testing_By_JMeter/target/jmeter/testFiles/taqueApi.jmx
2018-10-10 19:27:10,835 INFO o.a.j.p.h.s.HTTPSamplerBase: Parser for text/html is org.apache.jmeter.protocol.http.parser.LagartoBasedHtmlParser
2018-10-10 19:27:10,835 INFO o.a.j.p.h.s.HTTPSamplerBase: Parser for application/xhtml+xml is org.apache.jmeter.protocol.http.parser.LagartoBasedHtmlParser
2018-10-10 19:27:10,835 INFO o.a.j.p.h.s.HTTPSamplerBase: Parser for application/xml is org.apache.jmeter.protocol.http.parser.LagartoBasedHtmlParser
2018-10-10 19:27:10,835 INFO o.a.j.p.h.s.HTTPSamplerBase: Parser for text/xml is org.apache.jmeter.protocol.http.parser.LagartoBasedHtmlParser
2018-10-10 19:27:10,835 INFO o.a.j.p.h.s.HTTPSamplerBase: Parser for text/vnd.wap.wml is org.apache.jmeter.protocol.http.parser.RegexpHTMLParser
2018-10-10 19:27:10,836 INFO o.a.j.p.h.s.HTTPSamplerBase: Parser for text/css is org.apache.jmeter.protocol.http.parser.CssParser
2018-10-10 19:27:10,865 INFO o.a.j.JMeter: Creating summariser <summary>
2018-10-10 19:27:10,871 INFO o.a.j.r.d.ReportGenerator: ReportGenerator will use for Parsing the separator: ','
2018-10-10 19:27:10,872 INFO o.a.j.r.d.ReportGenerator: Will generate report at end of test from  results file: /Users/mdtaque/SELENIUM/API_Testing_By_JMeter/target/jmeter/results/20181010-taqueApi.csv
2018-10-10 19:27:10,872 INFO o.a.j.r.d.ReportGenerator: Reading report generator properties from: /Users/mdtaque/SELENIUM/API_Testing_By_JMeter/target/jmeter/bin/reportgenerator.properties
2018-10-10 19:27:10,872 INFO o.a.j.r.d.ReportGenerator: Merging with JMeter properties
2018-10-10 19:27:10,876 INFO o.a.j.r.c.ReportGeneratorConfiguration: Property 'jmeter.reportgenerator.temp_dir' not found, using default value 'temp' instead.
2018-10-10 19:27:10,879 INFO o.a.j.r.c.ReportGeneratorConfiguration: Property 'jmeter.reportgenerator.apdex_per_transaction' not found, using default value 'null' instead.
2018-10-10 19:27:10,879 INFO o.a.j.r.c.ReportGeneratorConfiguration: apdex_per_transaction : {} is empty, not APDEX per transaction customization
2018-10-10 19:27:10,879 INFO o.a.j.r.c.ReportGeneratorConfiguration: Property 'jmeter.reportgenerator.sample_filter' not found, using default value 'null' instead.
2018-10-10 19:27:10,879 INFO o.a.j.r.c.ReportGeneratorConfiguration: Property 'jmeter.reportgenerator.report_title' not found, using default value 'null' instead.
2018-10-10 19:27:10,879 INFO o.a.j.r.c.ReportGeneratorConfiguration: Property 'jmeter.reportgenerator.start_date' not found, using default value 'null' instead.
2018-10-10 19:27:10,879 INFO o.a.j.r.c.ReportGeneratorConfiguration: Property 'jmeter.reportgenerator.end_date' not found, using default value 'null' instead.
2018-10-10 19:27:10,879 INFO o.a.j.r.c.ReportGeneratorConfiguration: Property 'jmeter.reportgenerator.date_format' not found, using default value 'null' instead.
2018-10-10 19:27:10,880 INFO o.a.j.r.c.ReportGeneratorConfiguration: Will use date range start date: null, end date: null
2018-10-10 19:27:10,886 INFO o.a.j.r.c.ReportGeneratorConfiguration: Property 'jmeter.reportgenerator.graph.activeThreadsOverTime.exclude_controllers' not found, using default value 'false' instead.
2018-10-10 19:27:10,886 INFO o.a.j.r.c.ReportGeneratorConfiguration: Property 'jmeter.reportgenerator.graph.timeVsThreads.exclude_controllers' not found, using default value 'false' instead.
2018-10-10 19:27:10,886 INFO o.a.j.r.c.ReportGeneratorConfiguration: Property 'jmeter.reportgenerator.graph.responseTimeDistribution.exclude_controllers' not found, using default value 'false' instead.
2018-10-10 19:27:10,887 INFO o.a.j.r.c.ReportGeneratorConfiguration: Property 'jmeter.reportgenerator.graph.transactionsPerSecond.exclude_controllers' not found, using default value 'false' instead.
2018-10-10 19:27:10,887 INFO o.a.j.r.c.ReportGeneratorConfiguration: Property 'jmeter.reportgenerator.graph.responseTimePercentiles.exclude_controllers' not found, using default value 'false' instead.
2018-10-10 19:27:10,887 INFO o.a.j.r.c.ReportGeneratorConfiguration: Property 'jmeter.reportgenerator.graph.responseTimePercentilesOverTime.exclude_controllers' not found, using default value 'false' instead.
2018-10-10 19:27:10,887 INFO o.a.j.r.c.ReportGeneratorConfiguration: Property 'jmeter.reportgenerator.graph.responseTimesOverTime.exclude_controllers' not found, using default value 'false' instead.
2018-10-10 19:27:10,887 INFO o.a.j.r.c.ReportGeneratorConfiguration: Property 'jmeter.reportgenerator.graph.connectTimeOverTime.exclude_controllers' not found, using default value 'false' instead.
2018-10-10 19:27:10,887 INFO o.a.j.r.c.ReportGeneratorConfiguration: Property 'jmeter.reportgenerator.graph.latenciesOverTime.exclude_controllers' not found, using default value 'false' instead.
2018-10-10 19:27:10,889 INFO o.a.j.r.c.ReportGeneratorConfiguration: Property 'jmeter.reportgenerator.exporter.html.filters_only_sample_series' not found, using default value 'true' instead.
2018-10-10 19:27:10,889 INFO o.a.j.r.c.ReportGeneratorConfiguration: Property 'jmeter.reportgenerator.exporter.html.series_filter' not found, using default value '' instead.
2018-10-10 19:27:10,889 INFO o.a.j.r.c.ReportGeneratorConfiguration: Property 'jmeter.reportgenerator.exporter.html.show_controllers_only' not found, using default value 'false' instead.
2018-10-10 19:27:10,894 INFO o.a.j.e.StandardJMeterEngine: Running the test!
2018-10-10 19:27:10,895 INFO o.a.j.s.SampleEvent: List of sample_variables: []
2018-10-10 19:27:10,895 INFO o.a.j.s.SampleEvent: List of sample_variables: []
2018-10-10 19:27:10,900 INFO o.a.j.e.u.CompoundVariable: Note: Function class names must contain the string: '.functions.'
2018-10-10 19:27:10,900 INFO o.a.j.e.u.CompoundVariable: Note: Function class names must not contain the string: '.gui.'
2018-10-10 19:27:11,254 INFO o.a.j.JMeter: Running test (1539214031254)
2018-10-10 19:27:11,301 INFO o.a.j.e.StandardJMeterEngine: Starting ThreadGroup: 1 : Thread Group
2018-10-10 19:27:11,301 INFO o.a.j.e.StandardJMeterEngine: Starting 1 threads for group Thread Group.
2018-10-10 19:27:11,301 INFO o.a.j.e.StandardJMeterEngine: Thread will continue on error
2018-10-10 19:27:11,301 INFO o.a.j.t.ThreadGroup: Starting thread group... number=1 threads=1 ramp-up=1 perThread=1000.0 delayedStart=false
2018-10-10 19:27:11,305 INFO o.a.j.t.ThreadGroup: Started thread group number 1
2018-10-10 19:27:11,305 INFO o.a.j.e.StandardJMeterEngine: Starting ThreadGroup: 2 : Thread Group
2018-10-10 19:27:11,305 INFO o.a.j.e.StandardJMeterEngine: Starting 1 threads for group Thread Group.
2018-10-10 19:27:11,305 INFO o.a.j.e.StandardJMeterEngine: Thread will continue on error
2018-10-10 19:27:11,305 INFO o.a.j.t.ThreadGroup: Starting thread group... number=2 threads=1 ramp-up=1 perThread=1000.0 delayedStart=false
2018-10-10 19:27:11,305 INFO o.a.j.t.ThreadGroup: Started thread group number 2
2018-10-10 19:27:11,305 INFO o.a.j.e.StandardJMeterEngine: All thread groups have been started
2018-10-10 19:27:11,509 INFO o.a.j.t.JMeterThread: Thread started: Thread Group 2-1
2018-10-10 19:27:11,509 INFO o.a.j.t.JMeterThread: Thread started: Thread Group 1-1
2018-10-10 19:27:11,511 INFO o.a.j.s.FileServer: Stored: /Users/mdtaque/SELENIUM/API_Testing_By_JMeter/data/DataFile.csv
2018-10-10 19:27:11,526 INFO o.a.j.p.h.s.HTTPHCAbstractImpl: Local host = Mds-MacBook-Pro-3.local
2018-10-10 19:27:11,532 INFO o.a.j.p.h.s.HTTPHC4Impl: HTTP request retry count = 0
2018-10-10 19:27:11,540 INFO o.a.j.s.SampleResult: Note: Sample TimeStamps are START times
2018-10-10 19:27:11,540 INFO o.a.j.s.SampleResult: sampleresult.default.encoding is set to ISO-8859-1
2018-10-10 19:27:11,540 INFO o.a.j.s.SampleResult: sampleresult.useNanoTime=true
2018-10-10 19:27:11,540 INFO o.a.j.s.SampleResult: sampleresult.nanoThreadSleep=5000
2018-10-10 19:27:13,867 INFO o.a.j.t.JMeterThread: Thread is done: Thread Group 1-1
2018-10-10 19:27:13,867 INFO o.a.j.t.JMeterThread: Thread finished: Thread Group 1-1
2018-10-10 19:27:13,888 INFO o.a.j.t.JMeterThread: Thread is done: Thread Group 2-1
2018-10-10 19:27:13,888 INFO o.a.j.t.JMeterThread: Thread finished: Thread Group 2-1
2018-10-10 19:27:13,889 INFO o.a.j.e.StandardJMeterEngine: Notifying test listeners of end of test
2018-10-10 19:27:13,889 INFO o.a.j.s.FileServer: Close: /Users/mdtaque/SELENIUM/API_Testing_By_JMeter/data/DataFile.csv
2018-10-10 19:27:13,890 INFO o.a.j.r.Summariser: summary =      4 in 00:00:03 =    1.5/s Avg:  1149 Min:     1 Max:  2326 Err:     0 (0.00%)
2018-10-10 19:27:13,890 INFO o.a.j.JMeter: Generating Dashboard
2018-10-10 19:27:13,890 INFO o.a.j.r.d.ReportGenerator: Flushing result collector before report Generation
2018-10-10 19:27:13,902 INFO o.a.j.r.p.NormalizerSampleConsumer: Using format, 'ms', to parse timeStamp field
2018-10-10 19:27:13,955 INFO o.a.j.r.p.AbstractSampleConsumer: class org.apache.jmeter.report.processor.AggregateConsumer#stopProducing(): beginDate produced 0 samples
2018-10-10 19:27:13,955 INFO o.a.j.r.p.AbstractSampleConsumer: class org.apache.jmeter.report.processor.AggregateConsumer#stopProducing(): endDate produced 0 samples
2018-10-10 19:27:13,956 INFO o.a.j.r.p.AbstractSampleConsumer: class org.apache.jmeter.report.processor.ApdexSummaryConsumer#stopProducing(): apdexSummary produced 0 samples
2018-10-10 19:27:13,956 INFO o.a.j.r.p.AbstractSampleConsumer: class org.apache.jmeter.report.processor.RequestsSummaryConsumer#stopProducing(): requestsSummary produced 0 samples
2018-10-10 19:27:13,963 INFO o.a.j.r.p.AbstractSampleConsumer: class org.apache.jmeter.report.processor.StatisticsSummaryConsumer#stopProducing(): statisticsSummary produced 0 samples
2018-10-10 19:27:13,966 INFO o.a.j.r.p.AbstractSampleConsumer: class org.apache.jmeter.report.processor.Top5ErrorsBySamplerConsumer#stopProducing(): top5ErrorsBySampler produced 0 samples
2018-10-10 19:27:13,966 INFO o.a.j.r.p.AbstractSampleConsumer: class org.apache.jmeter.report.processor.ErrorsSummaryConsumer#stopProducing(): errorsSummary produced 0 samples
2018-10-10 19:27:13,966 INFO o.a.j.r.p.AbstractSampleConsumer: class org.apache.jmeter.report.processor.graph.impl.HitsPerSecondGraphConsumer#stopProducing(): hitsPerSecond produced 0 samples
2018-10-10 19:27:13,974 INFO o.a.j.r.p.AbstractSampleConsumer: class org.apache.jmeter.report.processor.graph.impl.LatencyVSRequestGraphConsumer#stopProducing(): latencyVsRequest produced 0 samples
2018-10-10 19:27:13,974 INFO o.a.j.r.p.AbstractSampleConsumer: class org.apache.jmeter.report.processor.graph.impl.SyntheticResponseTimeDistributionGraphConsumer#stopProducing(): syntheticResponseTimeDistribution produced 0 samples
2018-10-10 19:27:13,974 INFO o.a.j.r.p.AbstractSampleConsumer: class org.apache.jmeter.report.processor.graph.impl.BytesThroughputGraphConsumer#stopProducing(): bytesThroughputOverTime produced 0 samples
2018-10-10 19:27:13,974 INFO o.a.j.r.p.AbstractSampleConsumer: class org.apache.jmeter.report.processor.graph.impl.CodesPerSecondGraphConsumer#stopProducing(): codesPerSecond produced 0 samples
2018-10-10 19:27:13,976 INFO o.a.j.r.p.AbstractSampleConsumer: class org.apache.jmeter.report.processor.graph.impl.ResponseTimeVSRequestGraphConsumer#stopProducing(): responseTimeVsRequest produced 0 samples
2018-10-10 19:27:13,976 INFO o.a.j.r.p.AbstractSampleConsumer: class org.apache.jmeter.report.processor.FilterConsumer#stopProducing(): startIntervalControlerFilter produced 28 samples
2018-10-10 19:27:13,976 INFO o.a.j.r.p.AbstractSampleConsumer: class org.apache.jmeter.report.processor.graph.impl.ActiveThreadsGraphConsumer#stopProducing(): activeThreadsOverTime produced 0 samples
2018-10-10 19:27:13,976 INFO o.a.j.r.p.AbstractSampleConsumer: class org.apache.jmeter.report.processor.graph.impl.TimeVSThreadGraphConsumer#stopProducing(): timeVsThreads produced 0 samples
2018-10-10 19:27:13,976 INFO o.a.j.r.p.AbstractSampleConsumer: class org.apache.jmeter.report.processor.graph.impl.ResponseTimeDistributionGraphConsumer#stopProducing(): responseTimeDistribution produced 0 samples
2018-10-10 19:27:13,976 INFO o.a.j.r.p.AbstractSampleConsumer: class org.apache.jmeter.report.processor.graph.impl.TransactionsPerSecondGraphConsumer#stopProducing(): transactionsPerSecond produced 0 samples
2018-10-10 19:27:13,976 INFO o.a.j.r.p.AbstractSampleConsumer: class org.apache.jmeter.report.processor.graph.impl.ResponseTimePercentilesGraphConsumer#stopProducing(): responseTimePercentiles produced 0 samples
2018-10-10 19:27:13,977 INFO o.a.j.r.p.AbstractSampleConsumer: class org.apache.jmeter.report.processor.graph.impl.ResponseTimePercentilesOverTimeGraphConsumer#stopProducing(): responseTimePercentilesOverTime produced 0 samples
2018-10-10 19:27:13,978 INFO o.a.j.r.p.AbstractSampleConsumer: class org.apache.jmeter.report.processor.graph.impl.ResponseTimeOverTimeGraphConsumer#stopProducing(): responseTimesOverTime produced 0 samples
2018-10-10 19:27:13,978 INFO o.a.j.r.p.AbstractSampleConsumer: class org.apache.jmeter.report.processor.graph.impl.ConnectTimeOverTimeGraphConsumer#stopProducing(): connectTimeOverTime produced 0 samples
2018-10-10 19:27:13,978 INFO o.a.j.r.p.AbstractSampleConsumer: class org.apache.jmeter.report.processor.graph.impl.LatencyOverTimeGraphConsumer#stopProducing(): latenciesOverTime produced 0 samples
2018-10-10 19:27:13,978 INFO o.a.j.r.p.AbstractSampleConsumer: class org.apache.jmeter.report.processor.FilterConsumer#stopProducing(): nameFilter produced 56 samples
2018-10-10 19:27:13,978 INFO o.a.j.r.p.AbstractSampleConsumer: class org.apache.jmeter.report.processor.FilterConsumer#stopProducing(): dateRangeFilter produced 12 samples
2018-10-10 19:27:13,978 INFO o.a.j.r.p.AbstractSampleConsumer: class org.apache.jmeter.report.processor.NormalizerSampleConsumer#stopProducing(): normalizer produced 4 samples
2018-10-10 19:27:13,979 INFO o.a.j.r.p.CsvFileSampleSource: produce(): 4 samples produced in 53ms on channel 0
2018-10-10 19:27:13,979 INFO o.a.j.r.d.ReportGenerator: Exporting data using exporter:'html' of className:'org.apache.jmeter.report.dashboard.HtmlTemplateExporter'
2018-10-10 19:27:13,981 INFO o.a.j.r.d.HtmlTemplateExporter: Will generate dashboard in folder: /Users/mdtaque/SELENIUM/API_Testing_By_JMeter/target/jmeter/reports/taqueApi_20181010_192709
2018-10-10 19:27:14,035 INFO o.a.j.r.d.HtmlTemplateExporter: Report will be generated in: /Users/mdtaque/SELENIUM/API_Testing_By_JMeter/target/jmeter/reports/taqueApi_20181010_192709, creating folder structure
2018-10-10 19:27:14,254 INFO o.a.j.JMeter: Dashboard generated
